#
# There is insufficient memory for the Java Runtime Environment to continue.
# Native memory allocation (malloc) failed to allocate 1319536 bytes. Error detail: Chunk::new
# Possible reasons:
#   The system is out of physical RAM or swap space
#   This process is running with CompressedOops enabled, and the Java Heap may be blocking the growth of the native heap
# Possible solutions:
#   Reduce memory load on the system
#   Increase physical memory or swap space
#   Check if swap backing store is full
#   Decrease Java heap size (-Xmx/-Xms)
#   Decrease number of Java threads
#   Decrease Java thread stack sizes (-Xss)
#   Set larger code cache with -XX:ReservedCodeCacheSize=
#   JVM is running with Unscaled Compressed Oops mode in which the Java heap is
#     placed in the first 4GB address space. The Java Heap base address is the
#     maximum limit for the native heap growth. Please use -XX:HeapBaseMinAddress
#     to set the Java Heap base and to place the Java Heap above 4GB virtual address.
# This output file may be truncated or incomplete.
#
#  Out of Memory Error (arena.cpp:168), pid=21320, tid=23128
#
# JRE version: OpenJDK Runtime Environment Temurin-21.0.6+7 (21.0.6+7) (build 21.0.6+7-LTS)
# Java VM: OpenJDK 64-Bit Server VM Temurin-21.0.6+7 (21.0.6+7-LTS, mixed mode, sharing, tiered, compressed oops, compressed class ptrs, parallel gc, windows-amd64)
# No core dump will be written. Minidumps are not enabled by default on client versions of Windows
#

---------------  S U M M A R Y ------------

Command Line: --add-modules=ALL-SYSTEM --add-opens=java.base/java.util=ALL-UNNAMED --add-opens=java.base/java.lang=ALL-UNNAMED --add-opens=java.base/sun.nio.fs=ALL-UNNAMED -Declipse.application=org.eclipse.jdt.ls.core.id1 -Dosgi.bundles.defaultStartLevel=4 -Declipse.product=org.eclipse.jdt.ls.core.product -Djava.import.generatesMetadataFilesAtProjectRoot=false -DDetectVMInstallationsJob.disabled=true -Dfile.encoding=utf8 -XX:+UseParallelGC -XX:GCTimeRatio=4 -XX:AdaptiveSizePolicyWeight=90 -Dsun.zip.disableMemoryMapping=true -Xmx1G -Xms100m -Xlog:disable -javaagent:c:\Users\tleva\.vscode\extensions\redhat.java-1.41.1-win32-x64\lombok\lombok-1.18.36.jar -XX:+HeapDumpOnOutOfMemoryError -XX:HeapDumpPath=c:\Users\tleva\AppData\Roaming\Code\User\workspaceStorage\b99b95b927f736088a6c51e25da7c59a\redhat.java -Daether.dependencyCollector.impl=bf c:\Users\tleva\.vscode\extensions\redhat.java-1.41.1-win32-x64\server\plugins\org.eclipse.equinox.launcher_1.7.0.v20250331-1702.jar -configuration c:\Users\tleva\AppData\Roaming\Code\User\globalStorage\redhat.java\1.41.1\config_win -data c:\Users\tleva\AppData\Roaming\Code\User\workspaceStorage\b99b95b927f736088a6c51e25da7c59a\redhat.java\jdt_ws --pipe=\\.\pipe\lsp-83a20c57ebd1c1e8ba206e89932e7f07-sock

Host: Intel(R) Core(TM) i3-10110U CPU @ 2.10GHz, 4 cores, 7G,  Windows 11 , 64 bit Build 26100 (10.0.26100.3775)
Time: Mon Apr 28 18:39:57 2025  Windows 11 , 64 bit Build 26100 (10.0.26100.3775) elapsed time: 268.491139 seconds (0d 0h 4m 28s)

---------------  T H R E A D  ---------------

Current thread (0x00000198c7ac5cf0):  JavaThread "C2 CompilerThread0" daemon [_thread_in_native, id=23128, stack(0x0000007d84700000,0x0000007d84800000) (1024K)]


Current CompileTask:
C2:268491 10693   !   4       org.eclipse.jdt.internal.core.search.indexing.BinaryIndexer::indexDocument (1204 bytes)

Stack: [0x0000007d84700000,0x0000007d84800000]
Native frames: (J=compiled Java code, j=interpreted, Vv=VM code, C=native code)
V  [jvm.dll+0x6cdee9]
V  [jvm.dll+0x8a83d1]
V  [jvm.dll+0x8aa8fe]
V  [jvm.dll+0x8aafe3]
V  [jvm.dll+0x27f706]
V  [jvm.dll+0xc500d]
V  [jvm.dll+0xc5543]
V  [jvm.dll+0x2f2acd]
V  [jvm.dll+0x5f6a2a]
V  [jvm.dll+0x250bb2]
V  [jvm.dll+0x250f6f]
V  [jvm.dll+0x249834]
V  [jvm.dll+0x246ec4]
V  [jvm.dll+0x1c75ee]
V  [jvm.dll+0x25685a]
V  [jvm.dll+0x254dfa]
V  [jvm.dll+0x3f0256]
V  [jvm.dll+0x851f8b]
V  [jvm.dll+0x6cc5ed]
C  [ucrtbase.dll+0x37b0]
C  [KERNEL32.DLL+0x2e8d7]
C  [ntdll.dll+0xb14fc]


---------------  P R O C E S S  ---------------

Threads class SMR info:
_java_thread_list=0x00000199109e1630, length=35, elements={
0x00000198b37882c0, 0x00000198c7ab7b10, 0x00000198c7abadf0, 0x00000198c7abd8a0,
0x00000198c7abe4f0, 0x00000198c7ac2460, 0x00000198c7ac2eb0, 0x00000198c7ac5cf0,
0x00000198c7b31200, 0x00000198c7b7e2b0, 0x0000019909a1a570, 0x000001990e1e1920,
0x000001990e51ebe0, 0x000001990e69ad80, 0x000001990e3c0e20, 0x000001990e9106b0,
0x000001990ec23430, 0x000001990e083cc0, 0x000001990e080ed0, 0x000001990e081560,
0x000001990e081bf0, 0x000001990e082280, 0x000001990e082910, 0x000001990f866570,
0x000001990f868640, 0x000001990f868cd0, 0x000001990f866c00, 0x000001990f869360,
0x000001990f867fb0, 0x000001990f867920, 0x000001990f865ee0, 0x000001990f86c150,
0x000001990f86bac0, 0x000001990f86d500, 0x000001990f86a710
}

Java Threads: ( => current thread )
  0x00000198b37882c0 JavaThread "main"                              [_thread_blocked, id=23920, stack(0x0000007d83d00000,0x0000007d83e00000) (1024K)]
  0x00000198c7ab7b10 JavaThread "Reference Handler"          daemon [_thread_blocked, id=31376, stack(0x0000007d84100000,0x0000007d84200000) (1024K)]
  0x00000198c7abadf0 JavaThread "Finalizer"                  daemon [_thread_blocked, id=31292, stack(0x0000007d84200000,0x0000007d84300000) (1024K)]
  0x00000198c7abd8a0 JavaThread "Signal Dispatcher"          daemon [_thread_blocked, id=31176, stack(0x0000007d84300000,0x0000007d84400000) (1024K)]
  0x00000198c7abe4f0 JavaThread "Attach Listener"            daemon [_thread_blocked, id=26100, stack(0x0000007d84400000,0x0000007d84500000) (1024K)]
  0x00000198c7ac2460 JavaThread "Service Thread"             daemon [_thread_blocked, id=20940, stack(0x0000007d84500000,0x0000007d84600000) (1024K)]
  0x00000198c7ac2eb0 JavaThread "Monitor Deflation Thread"   daemon [_thread_blocked, id=24872, stack(0x0000007d84600000,0x0000007d84700000) (1024K)]
=>0x00000198c7ac5cf0 JavaThread "C2 CompilerThread0"         daemon [_thread_in_native, id=23128, stack(0x0000007d84700000,0x0000007d84800000) (1024K)]
  0x00000198c7b31200 JavaThread "C1 CompilerThread0"         daemon [_thread_blocked, id=29380, stack(0x0000007d84800000,0x0000007d84900000) (1024K)]
  0x00000198c7b7e2b0 JavaThread "Common-Cleaner"             daemon [_thread_blocked, id=15564, stack(0x0000007d84900000,0x0000007d84a00000) (1024K)]
  0x0000019909a1a570 JavaThread "Notification Thread"        daemon [_thread_blocked, id=16828, stack(0x0000007d84a00000,0x0000007d84b00000) (1024K)]
  0x000001990e1e1920 JavaThread "Active Thread: Equinox Container: 17194e26-db81-4348-81f7-5787910cedcb"        [_thread_blocked, id=25112, stack(0x0000007d84b00000,0x0000007d84c00000) (1024K)]
  0x000001990e51ebe0 JavaThread "Refresh Thread: Equinox Container: 17194e26-db81-4348-81f7-5787910cedcb" daemon [_thread_blocked, id=26356, stack(0x0000007d84f00000,0x0000007d85000000) (1024K)]
  0x000001990e69ad80 JavaThread "Framework Event Dispatcher: Equinox Container: 17194e26-db81-4348-81f7-5787910cedcb" daemon [_thread_blocked, id=29744, stack(0x0000007d85000000,0x0000007d85100000) (1024K)]
  0x000001990e3c0e20 JavaThread "Start Level: Equinox Container: 17194e26-db81-4348-81f7-5787910cedcb" daemon [_thread_blocked, id=31372, stack(0x0000007d85100000,0x0000007d85200000) (1024K)]
  0x000001990e9106b0 JavaThread "Bundle File Closer"         daemon [_thread_blocked, id=16132, stack(0x0000007d85300000,0x0000007d85400000) (1024K)]
  0x000001990ec23430 JavaThread "SCR Component Actor"        daemon [_thread_blocked, id=29172, stack(0x0000007d85200000,0x0000007d85300000) (1024K)]
  0x000001990e083cc0 JavaThread "Worker-JM"                         [_thread_blocked, id=23680, stack(0x0000007d85600000,0x0000007d85700000) (1024K)]
  0x000001990e080ed0 JavaThread "Worker-2: Java indexing... "        [_thread_blocked, id=26860, stack(0x0000007d85800000,0x0000007d85900000) (1024K)]
  0x000001990e081560 JavaThread "Worker-3: Check JDK Index"         [_thread_blocked, id=21828, stack(0x0000007d85900000,0x0000007d85a00000) (1024K)]
  0x000001990e081bf0 JavaThread "Java indexing"              daemon [_thread_in_Java, id=33656, stack(0x0000007d85b00000,0x0000007d85c00000) (1024K)]
  0x000001990e082280 JavaThread "JNA Cleaner"                daemon [_thread_blocked, id=30972, stack(0x0000007d85c00000,0x0000007d85d00000) (1024K)]
  0x000001990e082910 JavaThread "Worker-4"                          [_thread_blocked, id=31684, stack(0x0000007d85f00000,0x0000007d86000000) (1024K)]
  0x000001990f866570 JavaThread "Thread-2"                   daemon [_thread_in_native, id=10668, stack(0x0000007d86100000,0x0000007d86200000) (1024K)]
  0x000001990f868640 JavaThread "Thread-3"                   daemon [_thread_in_native, id=16244, stack(0x0000007d86200000,0x0000007d86300000) (1024K)]
  0x000001990f868cd0 JavaThread "Thread-4"                   daemon [_thread_in_native, id=19484, stack(0x0000007d86300000,0x0000007d86400000) (1024K)]
  0x000001990f866c00 JavaThread "Thread-5"                   daemon [_thread_in_native, id=16156, stack(0x0000007d86400000,0x0000007d86500000) (1024K)]
  0x000001990f869360 JavaThread "Thread-6"                   daemon [_thread_in_native, id=29044, stack(0x0000007d86500000,0x0000007d86600000) (1024K)]
  0x000001990f867fb0 JavaThread "pool-2-thread-1"                   [_thread_blocked, id=552, stack(0x0000007d86600000,0x0000007d86700000) (1024K)]
  0x000001990f867920 JavaThread "WorkspaceEventsHandler"            [_thread_blocked, id=4708, stack(0x0000007d85400000,0x0000007d85500000) (1024K)]
  0x000001990f865ee0 JavaThread "pool-1-thread-1"                   [_thread_blocked, id=1200, stack(0x0000007d86700000,0x0000007d86800000) (1024K)]
  0x000001990f86c150 JavaThread "pool-3-thread-1"                   [_thread_blocked, id=27468, stack(0x0000007d85a00000,0x0000007d85b00000) (1024K)]
  0x000001990f86bac0 JavaThread "Worker-6"                          [_thread_blocked, id=6808, stack(0x0000007d83b00000,0x0000007d83c00000) (1024K)]
  0x000001990f86d500 JavaThread "Worker-7"                          [_thread_blocked, id=30224, stack(0x0000007d85500000,0x0000007d85600000) (1024K)]
  0x000001990f86a710 JavaThread "Worker-8"                          [_thread_blocked, id=4536, stack(0x0000007d85700000,0x0000007d85800000) (1024K)]
Total: 35

Other Threads:
  0x00000198b3848ed0 VMThread "VM Thread"                           [id=27108, stack(0x0000007d84000000,0x0000007d84100000) (1024K)]
  0x00000198c7a5ca00 WatcherThread "VM Periodic Task Thread"        [id=23028, stack(0x0000007d83f00000,0x0000007d84000000) (1024K)]
  0x00000198b37a7910 WorkerThread "GC Thread#0"                     [id=15304, stack(0x0000007d83e00000,0x0000007d83f00000) (1024K)]
  0x000001990e497aa0 WorkerThread "GC Thread#1"                     [id=6636, stack(0x0000007d84c00000,0x0000007d84d00000) (1024K)]
  0x0000019909c215c0 WorkerThread "GC Thread#2"                     [id=11068, stack(0x0000007d84d00000,0x0000007d84e00000) (1024K)]
  0x000001990e509f70 WorkerThread "GC Thread#3"                     [id=28956, stack(0x0000007d84e00000,0x0000007d84f00000) (1024K)]
Total: 6

Threads with active compile tasks:
C2 CompilerThread0  268584 10693   !   4       org.eclipse.jdt.internal.core.search.indexing.BinaryIndexer::indexDocument (1204 bytes)
Total: 1

VM state: not at safepoint (normal execution)

VM Mutex/Monitor currently owned by a thread: None

Heap address: 0x00000000c0000000, size: 1024 MB, Compressed Oops mode: 32-bit

CDS archive(s) mapped at: [0x00000198c8000000-0x00000198c8ba0000-0x00000198c8ba0000), size 12189696, SharedBaseAddress: 0x00000198c8000000, ArchiveRelocationMode: 1.
Compressed class space mapped at: 0x00000198c9000000-0x0000019909000000, reserved size: 1073741824
Narrow klass base: 0x00000198c8000000, Narrow klass shift: 0, Narrow klass range: 0x100000000

GC Precious Log:
 CardTable entry size: 512
 CPUs: 4 total, 4 available
 Memory: 8025M
 Large Page Support: Disabled
 NUMA Support: Disabled
 Compressed Oops: Enabled (32-bit)
 Alignments: Space 512K, Generation 512K, Heap 2M
 Heap Min Capacity: 100M
 Heap Initial Capacity: 100M
 Heap Max Capacity: 1G
 Pre-touch: Disabled
 Parallel Workers: 4

Heap:
 PSYoungGen      total 4608K, used 3958K [0x00000000eab00000, 0x00000000eb000000, 0x0000000100000000)
  eden space 4096K, 88% used [0x00000000eab00000,0x00000000eae99ff8,0x00000000eaf00000)
  from space 512K, 68% used [0x00000000eaf80000,0x00000000eafd8000,0x00000000eb000000)
  to   space 512K, 0% used [0x00000000eaf00000,0x00000000eaf00000,0x00000000eaf80000)
 ParOldGen       total 516608K, used 516458K [0x00000000c0000000, 0x00000000df880000, 0x00000000eab00000)
  object space 516608K, 99% used [0x00000000c0000000,0x00000000df85aa90,0x00000000df880000)
 Metaspace       used 61867K, committed 63168K, reserved 1114112K
  class space    used 6476K, committed 7040K, reserved 1048576K

Card table byte_map: [0x00000198b3130000,0x00000198b3340000] _byte_map_base: 0x00000198b2b30000

Marking Bits: (ParMarkBitMap*) 0x00007ff92c4a3260
 Begin Bits: [0x00000198c5980000, 0x00000198c6980000)
 End Bits:   [0x00000198c6980000, 0x00000198c7980000)

Polling page: 0x00000198b1350000

Metaspace:

Usage:
  Non-class:     54.09 MB used.
      Class:      6.32 MB used.
       Both:     60.42 MB used.

Virtual space:
  Non-class space:       64.00 MB reserved,      54.81 MB ( 86%) committed,  1 nodes.
      Class space:        1.00 GB reserved,       6.88 MB ( <1%) committed,  1 nodes.
             Both:        1.06 GB reserved,      61.69 MB (  6%) committed. 

Chunk freelists:
   Non-Class:  9.17 MB
       Class:  9.17 MB
        Both:  18.34 MB

MaxMetaspaceSize: unlimited
CompressedClassSpaceSize: 1.00 GB
Initial GC threshold: 21.00 MB
Current GC threshold: 97.31 MB
CDS: on
 - commit_granule_bytes: 65536.
 - commit_granule_words: 8192.
 - virtual_space_node_default_size: 8388608.
 - enlarge_chunks_in_place: 1.
 - use_allocation_guard: 0.


Internal statistics:

num_allocs_failed_limit: 9.
num_arena_births: 990.
num_arena_deaths: 24.
num_vsnodes_births: 2.
num_vsnodes_deaths: 0.
num_space_committed: 987.
num_space_uncommitted: 0.
num_chunks_returned_to_freelist: 35.
num_chunks_taken_from_freelist: 3657.
num_chunk_merges: 13.
num_chunk_splits: 2227.
num_chunks_enlarged: 1260.
num_inconsistent_stats: 0.

CodeHeap 'non-profiled nmethods': size=120000Kb used=9319Kb max_used=9319Kb free=110680Kb
 bounds [0x00000198be450000, 0x00000198bed70000, 0x00000198c5980000]
CodeHeap 'profiled nmethods': size=120000Kb used=21875Kb max_used=21875Kb free=98124Kb
 bounds [0x00000198b6980000, 0x00000198b7ee0000, 0x00000198bdeb0000]
CodeHeap 'non-nmethods': size=5760Kb used=1443Kb max_used=1549Kb free=4316Kb
 bounds [0x00000198bdeb0000, 0x00000198be120000, 0x00000198be450000]
 total_blobs=10632 nmethods=9875 adapters=663
 compilation: enabled
              stopped_count=0, restarted_count=0
 full_count=0

Compilation events (20 events):
Event: 267.740 Thread 0x00000198c7b31200 nmethod 10688 0x00000198b7ed5290 code [0x00000198b7ed5460, 0x00000198b7ed5810]
Event: 268.066 Thread 0x00000198c7ac5cf0 10690       4       org.eclipse.jdt.core.Signature::appendTypeSignature (513 bytes)
Event: 268.071 Thread 0x00000198c7b31200 10691       3       org.eclipse.jdt.internal.compiler.classfmt.FieldInfo::createField (450 bytes)
Event: 268.073 Thread 0x00000198c7b31200 nmethod 10691 0x00000198b7ed5910 code [0x00000198b7ed5cc0, 0x00000198b7ed7c28]
Event: 268.092 Thread 0x00000198c7ac5cf0 nmethod 10690 0x00000198bed67810 code [0x00000198bed67ba0, 0x00000198bed68c98]
Event: 268.092 Thread 0x00000198c7ac5cf0 10692       4       org.eclipse.jdt.internal.compiler.classfmt.MethodInfo::getArgumentNames (16 bytes)
Event: 268.093 Thread 0x00000198c7ac5cf0 nmethod 10692 0x00000198bed69c10 code [0x00000198bed69da0, 0x00000198bed69e60]
Event: 268.093 Thread 0x00000198c7ac5cf0 10693   !   4       org.eclipse.jdt.internal.core.search.indexing.BinaryIndexer::indexDocument (1204 bytes)
Event: 268.111 Thread 0x00000198c7b31200 10694       3       org.eclipse.jdt.internal.compiler.classfmt.FieldInfoWithAnnotation::<init> (106 bytes)
Event: 268.111 Thread 0x00000198c7b31200 nmethod 10694 0x00000198b7ed8790 code [0x00000198b7ed8940, 0x00000198b7ed8c88]
Event: 268.113 Thread 0x00000198c7b31200 10695       3       org.eclipse.jdt.internal.compiler.classfmt.TypeAnnotationInfo::<init> (445 bytes)
Event: 268.115 Thread 0x00000198c7b31200 nmethod 10695 0x00000198b7ed8e10 code [0x00000198b7ed90c0, 0x00000198b7eda5f0]
Event: 268.115 Thread 0x00000198c7b31200 10696       3       org.eclipse.jdt.internal.compiler.classfmt.TypeAnnotationInfo::<init> (18 bytes)
Event: 268.115 Thread 0x00000198c7b31200 nmethod 10696 0x00000198b7edad90 code [0x00000198b7edaf40, 0x00000198b7edb148]
Event: 268.150 Thread 0x00000198c7b31200 10698       3       org.eclipse.jdt.internal.compiler.classfmt.MethodInfo::decodeTypeAnnotations (88 bytes)
Event: 268.151 Thread 0x00000198c7b31200 nmethod 10698 0x00000198b7edb290 code [0x00000198b7edb480, 0x00000198b7edbaf0]
Event: 268.253 Thread 0x00000198c7b31200 10700       3       org.eclipse.jdt.internal.compiler.util.Util::scanTypeArgumentSignature (62 bytes)
Event: 268.253 Thread 0x00000198c7b31200 nmethod 10700 0x00000198b7edbd90 code [0x00000198b7edbfc0, 0x00000198b7edc4f0]
Event: 268.314 Thread 0x00000198c7b31200 10701       3       org.eclipse.jdt.internal.compiler.classfmt.ClassFileReader::decodeTypeAnnotations (144 bytes)
Event: 268.315 Thread 0x00000198c7b31200 nmethod 10701 0x00000198b7edc710 code [0x00000198b7edc920, 0x00000198b7edd230]

GC Heap History (20 events):
Event: 268.226 GC heap after
{Heap after GC invocations=676 (full 3):
 PSYoungGen      total 3584K, used 384K [0x00000000eab00000, 0x00000000eaf80000, 0x0000000100000000)
  eden space 3072K, 0% used [0x00000000eab00000,0x00000000eab00000,0x00000000eae00000)
  from space 512K, 75% used [0x00000000eae80000,0x00000000eaee0000,0x00000000eaf00000)
  to   space 512K, 0% used [0x00000000eaf00000,0x00000000eaf00000,0x00000000eaf80000)
 ParOldGen       total 513024K, used 512807K [0x00000000c0000000, 0x00000000df500000, 0x00000000eab00000)
  object space 513024K, 99% used [0x00000000c0000000,0x00000000df4c9e78,0x00000000df500000)
 Metaspace       used 61867K, committed 63168K, reserved 1114112K
  class space    used 6476K, committed 7040K, reserved 1048576K
}
Event: 268.240 GC heap before
{Heap before GC invocations=677 (full 3):
 PSYoungGen      total 3584K, used 3456K [0x00000000eab00000, 0x00000000eaf80000, 0x0000000100000000)
  eden space 3072K, 100% used [0x00000000eab00000,0x00000000eae00000,0x00000000eae00000)
  from space 512K, 75% used [0x00000000eae80000,0x00000000eaee0000,0x00000000eaf00000)
  to   space 512K, 0% used [0x00000000eaf00000,0x00000000eaf00000,0x00000000eaf80000)
 ParOldGen       total 513024K, used 512807K [0x00000000c0000000, 0x00000000df500000, 0x00000000eab00000)
  object space 513024K, 99% used [0x00000000c0000000,0x00000000df4c9e78,0x00000000df500000)
 Metaspace       used 61867K, committed 63168K, reserved 1114112K
  class space    used 6476K, committed 7040K, reserved 1048576K
}
Event: 268.241 GC heap after
{Heap after GC invocations=677 (full 3):
 PSYoungGen      total 3584K, used 352K [0x00000000eab00000, 0x00000000eaf80000, 0x0000000100000000)
  eden space 3072K, 0% used [0x00000000eab00000,0x00000000eab00000,0x00000000eae00000)
  from space 512K, 68% used [0x00000000eaf00000,0x00000000eaf58000,0x00000000eaf80000)
  to   space 512K, 0% used [0x00000000eae80000,0x00000000eae80000,0x00000000eaf00000)
 ParOldGen       total 513536K, used 513167K [0x00000000c0000000, 0x00000000df580000, 0x00000000eab00000)
  object space 513536K, 99% used [0x00000000c0000000,0x00000000df523e78,0x00000000df580000)
 Metaspace       used 61867K, committed 63168K, reserved 1114112K
  class space    used 6476K, committed 7040K, reserved 1048576K
}
Event: 268.253 GC heap before
{Heap before GC invocations=678 (full 3):
 PSYoungGen      total 3584K, used 3424K [0x00000000eab00000, 0x00000000eaf80000, 0x0000000100000000)
  eden space 3072K, 100% used [0x00000000eab00000,0x00000000eae00000,0x00000000eae00000)
  from space 512K, 68% used [0x00000000eaf00000,0x00000000eaf58000,0x00000000eaf80000)
  to   space 512K, 0% used [0x00000000eae80000,0x00000000eae80000,0x00000000eaf00000)
 ParOldGen       total 513536K, used 513167K [0x00000000c0000000, 0x00000000df580000, 0x00000000eab00000)
  object space 513536K, 99% used [0x00000000c0000000,0x00000000df523e78,0x00000000df580000)
 Metaspace       used 61867K, committed 63168K, reserved 1114112K
  class space    used 6476K, committed 7040K, reserved 1048576K
}
Event: 268.255 GC heap after
{Heap after GC invocations=678 (full 3):
 PSYoungGen      total 3584K, used 480K [0x00000000eab00000, 0x00000000eaf80000, 0x0000000100000000)
  eden space 3072K, 0% used [0x00000000eab00000,0x00000000eab00000,0x00000000eae00000)
  from space 512K, 93% used [0x00000000eae80000,0x00000000eaef8000,0x00000000eaf00000)
  to   space 512K, 0% used [0x00000000eaf00000,0x00000000eaf00000,0x00000000eaf80000)
 ParOldGen       total 513536K, used 513471K [0x00000000c0000000, 0x00000000df580000, 0x00000000eab00000)
  object space 513536K, 99% used [0x00000000c0000000,0x00000000df56fe78,0x00000000df580000)
 Metaspace       used 61867K, committed 63168K, reserved 1114112K
  class space    used 6476K, committed 7040K, reserved 1048576K
}
Event: 268.266 GC heap before
{Heap before GC invocations=679 (full 3):
 PSYoungGen      total 3584K, used 3552K [0x00000000eab00000, 0x00000000eaf80000, 0x0000000100000000)
  eden space 3072K, 100% used [0x00000000eab00000,0x00000000eae00000,0x00000000eae00000)
  from space 512K, 93% used [0x00000000eae80000,0x00000000eaef8000,0x00000000eaf00000)
  to   space 512K, 0% used [0x00000000eaf00000,0x00000000eaf00000,0x00000000eaf80000)
 ParOldGen       total 513536K, used 513471K [0x00000000c0000000, 0x00000000df580000, 0x00000000eab00000)
  object space 513536K, 99% used [0x00000000c0000000,0x00000000df56fe78,0x00000000df580000)
 Metaspace       used 61867K, committed 63168K, reserved 1114112K
  class space    used 6476K, committed 7040K, reserved 1048576K
}
Event: 268.268 GC heap after
{Heap after GC invocations=679 (full 3):
 PSYoungGen      total 3584K, used 432K [0x00000000eab00000, 0x00000000eaf80000, 0x0000000100000000)
  eden space 3072K, 0% used [0x00000000eab00000,0x00000000eab00000,0x00000000eae00000)
  from space 512K, 84% used [0x00000000eaf00000,0x00000000eaf6c2b0,0x00000000eaf80000)
  to   space 512K, 0% used [0x00000000eae80000,0x00000000eae80000,0x00000000eaf00000)
 ParOldGen       total 514048K, used 513839K [0x00000000c0000000, 0x00000000df600000, 0x00000000eab00000)
  object space 514048K, 99% used [0x00000000c0000000,0x00000000df5cbe78,0x00000000df600000)
 Metaspace       used 61867K, committed 63168K, reserved 1114112K
  class space    used 6476K, committed 7040K, reserved 1048576K
}
Event: 268.275 GC heap before
{Heap before GC invocations=680 (full 3):
 PSYoungGen      total 3584K, used 3504K [0x00000000eab00000, 0x00000000eaf80000, 0x0000000100000000)
  eden space 3072K, 100% used [0x00000000eab00000,0x00000000eae00000,0x00000000eae00000)
  from space 512K, 84% used [0x00000000eaf00000,0x00000000eaf6c2b0,0x00000000eaf80000)
  to   space 512K, 0% used [0x00000000eae80000,0x00000000eae80000,0x00000000eaf00000)
 ParOldGen       total 514048K, used 513839K [0x00000000c0000000, 0x00000000df600000, 0x00000000eab00000)
  object space 514048K, 99% used [0x00000000c0000000,0x00000000df5cbe78,0x00000000df600000)
 Metaspace       used 61867K, committed 63168K, reserved 1114112K
  class space    used 6476K, committed 7040K, reserved 1048576K
}
Event: 268.277 GC heap after
{Heap after GC invocations=680 (full 3):
 PSYoungGen      total 3584K, used 384K [0x00000000eab00000, 0x00000000eaf80000, 0x0000000100000000)
  eden space 3072K, 0% used [0x00000000eab00000,0x00000000eab00000,0x00000000eae00000)
  from space 512K, 75% used [0x00000000eae80000,0x00000000eaee0000,0x00000000eaf00000)
  to   space 512K, 0% used [0x00000000eaf00000,0x00000000eaf00000,0x00000000eaf80000)
 ParOldGen       total 514560K, used 514119K [0x00000000c0000000, 0x00000000df680000, 0x00000000eab00000)
  object space 514560K, 99% used [0x00000000c0000000,0x00000000df611e78,0x00000000df680000)
 Metaspace       used 61867K, committed 63168K, reserved 1114112K
  class space    used 6476K, committed 7040K, reserved 1048576K
}
Event: 268.285 GC heap before
{Heap before GC invocations=681 (full 3):
 PSYoungGen      total 3584K, used 3449K [0x00000000eab00000, 0x00000000eaf80000, 0x0000000100000000)
  eden space 3072K, 99% used [0x00000000eab00000,0x00000000eadfe5c8,0x00000000eae00000)
  from space 512K, 75% used [0x00000000eae80000,0x00000000eaee0000,0x00000000eaf00000)
  to   space 512K, 0% used [0x00000000eaf00000,0x00000000eaf00000,0x00000000eaf80000)
 ParOldGen       total 514560K, used 514119K [0x00000000c0000000, 0x00000000df680000, 0x00000000eab00000)
  object space 514560K, 99% used [0x00000000c0000000,0x00000000df611e78,0x00000000df680000)
 Metaspace       used 61867K, committed 63168K, reserved 1114112K
  class space    used 6476K, committed 7040K, reserved 1048576K
}
Event: 268.287 GC heap after
{Heap after GC invocations=681 (full 3):
 PSYoungGen      total 3584K, used 352K [0x00000000eab00000, 0x00000000eaf80000, 0x0000000100000000)
  eden space 3072K, 0% used [0x00000000eab00000,0x00000000eab00000,0x00000000eae00000)
  from space 512K, 68% used [0x00000000eaf00000,0x00000000eaf58000,0x00000000eaf80000)
  to   space 512K, 0% used [0x00000000eae80000,0x00000000eae80000,0x00000000eaf00000)
 ParOldGen       total 514560K, used 514447K [0x00000000c0000000, 0x00000000df680000, 0x00000000eab00000)
  object space 514560K, 99% used [0x00000000c0000000,0x00000000df663e78,0x00000000df680000)
 Metaspace       used 61867K, committed 63168K, reserved 1114112K
  class space    used 6476K, committed 7040K, reserved 1048576K
}
Event: 268.295 GC heap before
{Heap before GC invocations=682 (full 3):
 PSYoungGen      total 3584K, used 3424K [0x00000000eab00000, 0x00000000eaf80000, 0x0000000100000000)
  eden space 3072K, 100% used [0x00000000eab00000,0x00000000eae00000,0x00000000eae00000)
  from space 512K, 68% used [0x00000000eaf00000,0x00000000eaf58000,0x00000000eaf80000)
  to   space 512K, 0% used [0x00000000eae80000,0x00000000eae80000,0x00000000eaf00000)
 ParOldGen       total 514560K, used 514447K [0x00000000c0000000, 0x00000000df680000, 0x00000000eab00000)
  object space 514560K, 99% used [0x00000000c0000000,0x00000000df663e78,0x00000000df680000)
 Metaspace       used 61867K, committed 63168K, reserved 1114112K
  class space    used 6476K, committed 7040K, reserved 1048576K
}
Event: 268.297 GC heap after
{Heap after GC invocations=682 (full 3):
 PSYoungGen      total 3584K, used 384K [0x00000000eab00000, 0x00000000eaf80000, 0x0000000100000000)
  eden space 3072K, 0% used [0x00000000eab00000,0x00000000eab00000,0x00000000eae00000)
  from space 512K, 75% used [0x00000000eae80000,0x00000000eaee0000,0x00000000eaf00000)
  to   space 512K, 0% used [0x00000000eaf00000,0x00000000eaf00000,0x00000000eaf80000)
 ParOldGen       total 515072K, used 514767K [0x00000000c0000000, 0x00000000df700000, 0x00000000eab00000)
  object space 515072K, 99% used [0x00000000c0000000,0x00000000df6b3e78,0x00000000df700000)
 Metaspace       used 61867K, committed 63168K, reserved 1114112K
  class space    used 6476K, committed 7040K, reserved 1048576K
}
Event: 268.307 GC heap before
{Heap before GC invocations=683 (full 3):
 PSYoungGen      total 3584K, used 3455K [0x00000000eab00000, 0x00000000eaf80000, 0x0000000100000000)
  eden space 3072K, 99% used [0x00000000eab00000,0x00000000eadfffe8,0x00000000eae00000)
  from space 512K, 75% used [0x00000000eae80000,0x00000000eaee0000,0x00000000eaf00000)
  to   space 512K, 0% used [0x00000000eaf00000,0x00000000eaf00000,0x00000000eaf80000)
 ParOldGen       total 515072K, used 514767K [0x00000000c0000000, 0x00000000df700000, 0x00000000eab00000)
  object space 515072K, 99% used [0x00000000c0000000,0x00000000df6b3e78,0x00000000df700000)
 Metaspace       used 61867K, committed 63168K, reserved 1114112K
  class space    used 6476K, committed 7040K, reserved 1048576K
}
Event: 268.310 GC heap after
{Heap after GC invocations=683 (full 3):
 PSYoungGen      total 3584K, used 320K [0x00000000eab00000, 0x00000000eaf80000, 0x0000000100000000)
  eden space 3072K, 0% used [0x00000000eab00000,0x00000000eab00000,0x00000000eae00000)
  from space 512K, 62% used [0x00000000eaf00000,0x00000000eaf50000,0x00000000eaf80000)
  to   space 512K, 0% used [0x00000000eae80000,0x00000000eae80000,0x00000000eaf00000)
 ParOldGen       total 515072K, used 515055K [0x00000000c0000000, 0x00000000df700000, 0x00000000eab00000)
  object space 515072K, 99% used [0x00000000c0000000,0x00000000df6fbe78,0x00000000df700000)
 Metaspace       used 61867K, committed 63168K, reserved 1114112K
  class space    used 6476K, committed 7040K, reserved 1048576K
}
Event: 268.320 GC heap before
{Heap before GC invocations=684 (full 3):
 PSYoungGen      total 3584K, used 3392K [0x00000000eab00000, 0x00000000eaf80000, 0x0000000100000000)
  eden space 3072K, 100% used [0x00000000eab00000,0x00000000eae00000,0x00000000eae00000)
  from space 512K, 62% used [0x00000000eaf00000,0x00000000eaf50000,0x00000000eaf80000)
  to   space 512K, 0% used [0x00000000eae80000,0x00000000eae80000,0x00000000eaf00000)
 ParOldGen       total 515072K, used 515055K [0x00000000c0000000, 0x00000000df700000, 0x00000000eab00000)
  object space 515072K, 99% used [0x00000000c0000000,0x00000000df6fbe78,0x00000000df700000)
 Metaspace       used 61867K, committed 63168K, reserved 1114112K
  class space    used 6476K, committed 7040K, reserved 1048576K
}
Event: 268.323 GC heap after
{Heap after GC invocations=684 (full 3):
 PSYoungGen      total 3584K, used 504K [0x00000000eab00000, 0x00000000eb000000, 0x0000000100000000)
  eden space 3072K, 0% used [0x00000000eab00000,0x00000000eab00000,0x00000000eae00000)
  from space 512K, 98% used [0x00000000eae80000,0x00000000eaefe008,0x00000000eaf00000)
  to   space 1024K, 0% used [0x00000000eaf00000,0x00000000eaf00000,0x00000000eb000000)
 ParOldGen       total 515584K, used 515351K [0x00000000c0000000, 0x00000000df780000, 0x00000000eab00000)
  object space 515584K, 99% used [0x00000000c0000000,0x00000000df745e78,0x00000000df780000)
 Metaspace       used 61867K, committed 63168K, reserved 1114112K
  class space    used 6476K, committed 7040K, reserved 1048576K
}
Event: 268.331 GC heap before
{Heap before GC invocations=685 (full 3):
 PSYoungGen      total 3584K, used 3571K [0x00000000eab00000, 0x00000000eb000000, 0x0000000100000000)
  eden space 3072K, 99% used [0x00000000eab00000,0x00000000eadfee50,0x00000000eae00000)
  from space 512K, 98% used [0x00000000eae80000,0x00000000eaefe008,0x00000000eaf00000)
  to   space 1024K, 0% used [0x00000000eaf00000,0x00000000eaf00000,0x00000000eb000000)
 ParOldGen       total 515584K, used 515351K [0x00000000c0000000, 0x00000000df780000, 0x00000000eab00000)
  object space 515584K, 99% used [0x00000000c0000000,0x00000000df745e78,0x00000000df780000)
 Metaspace       used 61867K, committed 63168K, reserved 1114112K
  class space    used 6476K, committed 7040K, reserved 1048576K
}
Event: 268.334 GC heap after
{Heap after GC invocations=685 (full 3):
 PSYoungGen      total 4096K, used 416K [0x00000000eab00000, 0x00000000eb100000, 0x0000000100000000)
  eden space 3072K, 0% used [0x00000000eab00000,0x00000000eab00000,0x00000000eae00000)
  from space 1024K, 40% used [0x00000000eaf00000,0x00000000eaf68000,0x00000000eb000000)
  to   space 1024K, 0% used [0x00000000eae00000,0x00000000eae00000,0x00000000eaf00000)
 ParOldGen       total 516096K, used 515855K [0x00000000c0000000, 0x00000000df800000, 0x00000000eab00000)
  object space 516096K, 99% used [0x00000000c0000000,0x00000000df7c3e80,0x00000000df800000)
 Metaspace       used 61867K, committed 63168K, reserved 1114112K
  class space    used 6476K, committed 7040K, reserved 1048576K
}
Event: 268.341 GC heap before
{Heap before GC invocations=686 (full 3):
 PSYoungGen      total 4096K, used 3488K [0x00000000eab00000, 0x00000000eb100000, 0x0000000100000000)
  eden space 3072K, 100% used [0x00000000eab00000,0x00000000eae00000,0x00000000eae00000)
  from space 1024K, 40% used [0x00000000eaf00000,0x00000000eaf68000,0x00000000eb000000)
  to   space 1024K, 0% used [0x00000000eae00000,0x00000000eae00000,0x00000000eaf00000)
 ParOldGen       total 516096K, used 515855K [0x00000000c0000000, 0x00000000df800000, 0x00000000eab00000)
  object space 516096K, 99% used [0x00000000c0000000,0x00000000df7c3e80,0x00000000df800000)
 Metaspace       used 61867K, committed 63168K, reserved 1114112K
  class space    used 6476K, committed 7040K, reserved 1048576K
}

Dll operation events (14 events):
Event: 0.023 Loaded shared library c:\Users\tleva\.vscode\extensions\redhat.java-1.41.1-win32-x64\jre\21.0.6-win32-x86_64\bin\java.dll
Event: 0.112 Loaded shared library c:\Users\tleva\.vscode\extensions\redhat.java-1.41.1-win32-x64\jre\21.0.6-win32-x86_64\bin\zip.dll
Event: 1.307 Loaded shared library C:\Users\tleva\.vscode\extensions\redhat.java-1.41.1-win32-x64\jre\21.0.6-win32-x86_64\bin\instrument.dll
Event: 1.556 Loaded shared library C:\Users\tleva\.vscode\extensions\redhat.java-1.41.1-win32-x64\jre\21.0.6-win32-x86_64\bin\net.dll
Event: 1.560 Loaded shared library C:\Users\tleva\.vscode\extensions\redhat.java-1.41.1-win32-x64\jre\21.0.6-win32-x86_64\bin\nio.dll
Event: 1.566 Loaded shared library C:\Users\tleva\.vscode\extensions\redhat.java-1.41.1-win32-x64\jre\21.0.6-win32-x86_64\bin\zip.dll
Event: 2.036 Loaded shared library C:\Users\tleva\.vscode\extensions\redhat.java-1.41.1-win32-x64\jre\21.0.6-win32-x86_64\bin\jimage.dll
Event: 3.253 Loaded shared library c:\Users\tleva\.vscode\extensions\redhat.java-1.41.1-win32-x64\jre\21.0.6-win32-x86_64\bin\verify.dll
Event: 15.188 Loaded shared library C:\Users\tleva\AppData\Roaming\Code\User\globalStorage\redhat.java\1.41.1\config_win\org.eclipse.equinox.launcher\org.eclipse.equinox.launcher.win32.win32.x86_64_1.2.1300.v20250331-1702\eclipse_11911.dll
Event: 34.278 Loaded shared library C:\Users\tleva\.vscode\extensions\redhat.java-1.41.1-win32-x64\jre\21.0.6-win32-x86_64\bin\management.dll
Event: 34.284 Loaded shared library C:\Users\tleva\.vscode\extensions\redhat.java-1.41.1-win32-x64\jre\21.0.6-win32-x86_64\bin\management_ext.dll
Event: 39.286 Loaded shared library C:\Users\tleva\AppData\Local\Temp\jna-110446680\jna18212943201453146576.dll
Event: 39.664 Loaded shared library C:\Users\tleva\.vscode\extensions\redhat.java-1.41.1-win32-x64\jre\21.0.6-win32-x86_64\bin\sunmscapi.dll
Event: 41.098 Loaded shared library C:\Users\tleva\.vscode\extensions\redhat.java-1.41.1-win32-x64\jre\21.0.6-win32-x86_64\bin\extnet.dll

Deoptimization events (20 events):
Event: 266.388 Thread 0x000001990e081bf0 DEOPT PACKING pc=0x00000198b7e8d07e sp=0x0000007d85bfee50
Event: 266.389 Thread 0x000001990e081bf0 DEOPT UNPACKING pc=0x00000198bdf04242 sp=0x0000007d85bfe330 mode 0
Event: 266.643 Thread 0x000001990e081bf0 DEOPT PACKING pc=0x00000198b7ebd49a sp=0x0000007d85bfef30
Event: 266.643 Thread 0x000001990e081bf0 DEOPT UNPACKING pc=0x00000198bdf04242 sp=0x0000007d85bfe4b8 mode 0
Event: 267.428 Thread 0x000001990e081bf0 DEOPT PACKING pc=0x00000198b7e7106b sp=0x0000007d85bff1c0
Event: 267.428 Thread 0x000001990e081bf0 DEOPT UNPACKING pc=0x00000198bdf04242 sp=0x0000007d85bfe660 mode 0
Event: 267.637 Thread 0x000001990e081bf0 Uncommon trap: trap_request=0xffffffc6 fr.pc=0x00000198bec79db4 relative=0x00000000000081f4
Event: 267.637 Thread 0x000001990e081bf0 Uncommon trap: reason=bimorphic_or_optimized_type_check action=maybe_recompile pc=0x00000198bec79db4 method=org.eclipse.jdt.internal.core.search.indexing.BinaryIndexer.indexDocument()V @ 1031 c2
Event: 267.637 Thread 0x000001990e081bf0 DEOPT PACKING pc=0x00000198bec79db4 sp=0x0000007d85bff0f0
Event: 267.637 Thread 0x000001990e081bf0 DEOPT UNPACKING pc=0x00000198bdf03aa2 sp=0x0000007d85bff070 mode 2
Event: 268.067 Thread 0x000001990e081bf0 Uncommon trap: trap_request=0xffffff45 fr.pc=0x00000198bed0506c relative=0x000000000000120c
Event: 268.067 Thread 0x000001990e081bf0 Uncommon trap: reason=unstable_if action=reinterpret pc=0x00000198bed0506c method=org.eclipse.jdt.internal.compiler.classfmt.FieldInfo.createField([B[IIJ)Lorg/eclipse/jdt/internal/compiler/classfmt/FieldInfo; @ 259 c2
Event: 268.067 Thread 0x000001990e081bf0 DEOPT PACKING pc=0x00000198bed0506c sp=0x0000007d85bfef50
Event: 268.067 Thread 0x000001990e081bf0 DEOPT UNPACKING pc=0x00000198bdf03aa2 sp=0x0000007d85bfeee8 mode 2
Event: 268.071 Thread 0x000001990e081bf0 Uncommon trap: trap_request=0xffffffc6 fr.pc=0x00000198bec79db4 relative=0x00000000000081f4
Event: 268.071 Thread 0x000001990e081bf0 Uncommon trap: reason=bimorphic_or_optimized_type_check action=maybe_recompile pc=0x00000198bec79db4 method=org.eclipse.jdt.internal.core.search.indexing.BinaryIndexer.indexDocument()V @ 1031 c2
Event: 268.071 Thread 0x000001990e081bf0 DEOPT PACKING pc=0x00000198bec79db4 sp=0x0000007d85bff0f0
Event: 268.071 Thread 0x000001990e081bf0 DEOPT UNPACKING pc=0x00000198bdf03aa2 sp=0x0000007d85bff070 mode 2
Event: 268.328 Thread 0x000001990e081bf0 DEOPT PACKING pc=0x00000198b7e7106b sp=0x0000007d85bff1c0
Event: 268.328 Thread 0x000001990e081bf0 DEOPT UNPACKING pc=0x00000198bdf04242 sp=0x0000007d85bfe660 mode 0

Classes loaded (20 events):
Event: 240.989 Loading class java/util/stream/Nodes$CollectorTask done
Event: 240.989 Loading class java/util/stream/Nodes$CollectorTask$OfRef done
Event: 240.989 Loading class java/util/function/LongFunction
Event: 240.990 Loading class java/util/function/LongFunction done
Event: 240.990 Loading class java/util/stream/Nodes$ConcNode
Event: 240.991 Loading class java/util/stream/Nodes$AbstractConcNode
Event: 240.991 Loading class java/util/stream/Nodes$AbstractConcNode done
Event: 240.991 Loading class java/util/stream/Nodes$ConcNode done
Event: 241.208 Loading class java/util/Collections$SynchronizedRandomAccessList
Event: 241.209 Loading class java/util/Collections$SynchronizedList
Event: 241.210 Loading class java/util/Collections$SynchronizedList done
Event: 241.210 Loading class java/util/Collections$SynchronizedRandomAccessList done
Event: 241.270 Loading class java/util/regex/PatternSyntaxException
Event: 241.270 Loading class java/util/regex/PatternSyntaxException done
Event: 242.238 Loading class java/io/SequenceInputStream
Event: 242.238 Loading class java/io/SequenceInputStream done
Event: 244.835 Loading class java/lang/Throwable$WrappedPrintWriter
Event: 244.840 Loading class java/lang/Throwable$PrintStreamOrWriter
Event: 244.840 Loading class java/lang/Throwable$PrintStreamOrWriter done
Event: 244.840 Loading class java/lang/Throwable$WrappedPrintWriter done

Classes unloaded (12 events):
Event: 35.910 Thread 0x00000198b3848ed0 Unloading class 0x00000198c919f800 'java/lang/invoke/LambdaForm$MH+0x00000198c919f800'
Event: 35.910 Thread 0x00000198b3848ed0 Unloading class 0x00000198c919f400 'java/lang/invoke/LambdaForm$MH+0x00000198c919f400'
Event: 35.910 Thread 0x00000198b3848ed0 Unloading class 0x00000198c919f000 'java/lang/invoke/LambdaForm$MH+0x00000198c919f000'
Event: 35.910 Thread 0x00000198b3848ed0 Unloading class 0x00000198c919ec00 'java/lang/invoke/LambdaForm$MH+0x00000198c919ec00'
Event: 35.910 Thread 0x00000198b3848ed0 Unloading class 0x00000198c919e800 'java/lang/invoke/LambdaForm$BMH+0x00000198c919e800'
Event: 35.910 Thread 0x00000198b3848ed0 Unloading class 0x00000198c919e400 'java/lang/invoke/LambdaForm$DMH+0x00000198c919e400'
Event: 35.910 Thread 0x00000198b3848ed0 Unloading class 0x00000198c919d400 'java/lang/invoke/LambdaForm$DMH+0x00000198c919d400'
Event: 39.749 Thread 0x00000198b3848ed0 Unloading class 0x00000198c92cbc00 'java/lang/invoke/LambdaForm$MH+0x00000198c92cbc00'
Event: 39.749 Thread 0x00000198b3848ed0 Unloading class 0x00000198c92c6400 'java/lang/invoke/LambdaForm$MH+0x00000198c92c6400'
Event: 39.749 Thread 0x00000198b3848ed0 Unloading class 0x00000198c92c5800 'java/lang/invoke/LambdaForm$MH+0x00000198c92c5800'
Event: 39.749 Thread 0x00000198b3848ed0 Unloading class 0x00000198c92c4800 'java/lang/invoke/LambdaForm$MH+0x00000198c92c4800'
Event: 39.749 Thread 0x00000198b3848ed0 Unloading class 0x00000198c92c4000 'java/lang/invoke/LambdaForm$MH+0x00000198c92c4000'

Classes redefined (0 events):
No events

Internal exceptions (20 events):
Event: 265.756 Thread 0x000001990e081bf0 Exception <a 'sun/nio/fs/WindowsException'{0x00000000eacb6cc8}> (0x00000000eacb6cc8) 
thrown [s\src\hotspot\share\prims\jni.cpp, line 520]
Event: 265.777 Thread 0x000001990e081bf0 Exception <a 'sun/nio/fs/WindowsException'{0x00000000eadcbb38}> (0x00000000eadcbb38) 
thrown [s\src\hotspot\share\prims\jni.cpp, line 520]
Event: 265.920 Thread 0x000001990e081bf0 Exception <a 'sun/nio/fs/WindowsException'{0x00000000eac4dbf8}> (0x00000000eac4dbf8) 
thrown [s\src\hotspot\share\prims\jni.cpp, line 520]
Event: 265.947 Thread 0x000001990e081bf0 Exception <a 'sun/nio/fs/WindowsException'{0x00000000eadb2f30}> (0x00000000eadb2f30) 
thrown [s\src\hotspot\share\prims\jni.cpp, line 520]
Event: 266.115 Thread 0x000001990e081bf0 Exception <a 'sun/nio/fs/WindowsException'{0x00000000eac966b8}> (0x00000000eac966b8) 
thrown [s\src\hotspot\share\prims\jni.cpp, line 520]
Event: 266.163 Thread 0x000001990e081bf0 Exception <a 'sun/nio/fs/WindowsException'{0x00000000eac65d68}> (0x00000000eac65d68) 
thrown [s\src\hotspot\share\prims\jni.cpp, line 520]
Event: 266.258 Thread 0x000001990e081bf0 Exception <a 'sun/nio/fs/WindowsException'{0x00000000eabc53e0}> (0x00000000eabc53e0) 
thrown [s\src\hotspot\share\prims\jni.cpp, line 520]
Event: 266.432 Thread 0x000001990e081bf0 Exception <a 'sun/nio/fs/WindowsException'{0x00000000eabca0b0}> (0x00000000eabca0b0) 
thrown [s\src\hotspot\share\prims\jni.cpp, line 520]
Event: 266.455 Thread 0x000001990e081bf0 Exception <a 'sun/nio/fs/WindowsException'{0x00000000eac4d158}> (0x00000000eac4d158) 
thrown [s\src\hotspot\share\prims\jni.cpp, line 520]
Event: 266.476 Thread 0x000001990e081bf0 Exception <a 'sun/nio/fs/WindowsException'{0x00000000eac93438}> (0x00000000eac93438) 
thrown [s\src\hotspot\share\prims\jni.cpp, line 520]
Event: 266.522 Thread 0x000001990e081bf0 Exception <a 'sun/nio/fs/WindowsException'{0x00000000eae79a08}> (0x00000000eae79a08) 
thrown [s\src\hotspot\share\prims\jni.cpp, line 520]
Event: 266.557 Thread 0x000001990e081bf0 Exception <a 'sun/nio/fs/WindowsException'{0x00000000eac3d928}> (0x00000000eac3d928) 
thrown [s\src\hotspot\share\prims\jni.cpp, line 520]
Event: 266.592 Thread 0x000001990e081bf0 Exception <a 'sun/nio/fs/WindowsException'{0x00000000eacad4d8}> (0x00000000eacad4d8) 
thrown [s\src\hotspot\share\prims\jni.cpp, line 520]
Event: 266.743 Thread 0x000001990e081bf0 Exception <a 'sun/nio/fs/WindowsException'{0x00000000eab387a8}> (0x00000000eab387a8) 
thrown [s\src\hotspot\share\prims\jni.cpp, line 520]
Event: 267.361 Thread 0x000001990e081bf0 Exception <a 'sun/nio/fs/WindowsException'{0x00000000eadcf5b8}> (0x00000000eadcf5b8) 
thrown [s\src\hotspot\share\prims\jni.cpp, line 520]
Event: 267.625 Thread 0x000001990e081bf0 Exception <a 'sun/nio/fs/WindowsException'{0x00000000eabc7450}> (0x00000000eabc7450) 
thrown [s\src\hotspot\share\prims\jni.cpp, line 520]
Event: 267.685 Thread 0x000001990e081bf0 Exception <a 'sun/nio/fs/WindowsException'{0x00000000ead046e8}> (0x00000000ead046e8) 
thrown [s\src\hotspot\share\prims\jni.cpp, line 520]
Event: 267.733 Thread 0x000001990e081bf0 Exception <a 'sun/nio/fs/WindowsException'{0x00000000eac3f220}> (0x00000000eac3f220) 
thrown [s\src\hotspot\share\prims\jni.cpp, line 520]
Event: 267.825 Thread 0x000001990e081bf0 Exception <a 'sun/nio/fs/WindowsException'{0x00000000eadd5d38}> (0x00000000eadd5d38) 
thrown [s\src\hotspot\share\prims\jni.cpp, line 520]
Event: 268.050 Thread 0x000001990e081bf0 Exception <a 'sun/nio/fs/WindowsException'{0x00000000eace09c0}> (0x00000000eace09c0) 
thrown [s\src\hotspot\share\prims\jni.cpp, line 520]

ZGC Phase Switch (0 events):
No events

VM Operations (20 events):
Event: 268.226 Executing VM operation: ParallelGCFailedAllocation (Allocation Failure) done
Event: 268.240 Executing VM operation: ParallelGCFailedAllocation (Allocation Failure)
Event: 268.241 Executing VM operation: ParallelGCFailedAllocation (Allocation Failure) done
Event: 268.253 Executing VM operation: ParallelGCFailedAllocation (Allocation Failure)
Event: 268.255 Executing VM operation: ParallelGCFailedAllocation (Allocation Failure) done
Event: 268.266 Executing VM operation: ParallelGCFailedAllocation (Allocation Failure)
Event: 268.268 Executing VM operation: ParallelGCFailedAllocation (Allocation Failure) done
Event: 268.275 Executing VM operation: ParallelGCFailedAllocation (Allocation Failure)
Event: 268.277 Executing VM operation: ParallelGCFailedAllocation (Allocation Failure) done
Event: 268.285 Executing VM operation: ParallelGCFailedAllocation (Allocation Failure)
Event: 268.287 Executing VM operation: ParallelGCFailedAllocation (Allocation Failure) done
Event: 268.295 Executing VM operation: ParallelGCFailedAllocation (Allocation Failure)
Event: 268.297 Executing VM operation: ParallelGCFailedAllocation (Allocation Failure) done
Event: 268.307 Executing VM operation: ParallelGCFailedAllocation (Allocation Failure)
Event: 268.310 Executing VM operation: ParallelGCFailedAllocation (Allocation Failure) done
Event: 268.320 Executing VM operation: ParallelGCFailedAllocation (Allocation Failure)
Event: 268.323 Executing VM operation: ParallelGCFailedAllocation (Allocation Failure) done
Event: 268.331 Executing VM operation: ParallelGCFailedAllocation (Allocation Failure)
Event: 268.334 Executing VM operation: ParallelGCFailedAllocation (Allocation Failure) done
Event: 268.341 Executing VM operation: ParallelGCFailedAllocation (Allocation Failure)

Memory protections (0 events):
No events

Nmethod flushes (20 events):
Event: 239.090 Thread 0x00000198b3848ed0 flushing  nmethod 0x00000198b72da190
Event: 239.090 Thread 0x00000198b3848ed0 flushing  nmethod 0x00000198b72da790
Event: 239.090 Thread 0x00000198b3848ed0 flushing  nmethod 0x00000198b72db010
Event: 239.090 Thread 0x00000198b3848ed0 flushing  nmethod 0x00000198b72db510
Event: 239.090 Thread 0x00000198b3848ed0 flushing  nmethod 0x00000198b72e1890
Event: 239.090 Thread 0x00000198b3848ed0 flushing  nmethod 0x00000198b72e1c10
Event: 239.090 Thread 0x00000198b3848ed0 flushing  nmethod 0x00000198b72e6190
Event: 239.090 Thread 0x00000198b3848ed0 flushing  nmethod 0x00000198b72ee090
Event: 239.090 Thread 0x00000198b3848ed0 flushing  nmethod 0x00000198b72fa910
Event: 239.090 Thread 0x00000198b3848ed0 flushing  nmethod 0x00000198b72fbf90
Event: 239.090 Thread 0x00000198b3848ed0 flushing  nmethod 0x00000198b72fda10
Event: 239.090 Thread 0x00000198b3848ed0 flushing  nmethod 0x00000198b72fe010
Event: 239.090 Thread 0x00000198b3848ed0 flushing  nmethod 0x00000198b72fed10
Event: 239.090 Thread 0x00000198b3848ed0 flushing  nmethod 0x00000198b730cd10
Event: 239.090 Thread 0x00000198b3848ed0 flushing  nmethod 0x00000198b7316b90
Event: 239.090 Thread 0x00000198b3848ed0 flushing  nmethod 0x00000198b7319610
Event: 239.090 Thread 0x00000198b3848ed0 flushing  nmethod 0x00000198b7320a10
Event: 239.090 Thread 0x00000198b3848ed0 flushing  nmethod 0x00000198b7348390
Event: 239.090 Thread 0x00000198b3848ed0 flushing  nmethod 0x00000198b734bb90
Event: 239.090 Thread 0x00000198b3848ed0 flushing  nmethod 0x00000198b7360290

Events (20 events):
Event: 104.517 Thread 0x000001990e084350 Thread exited: 0x000001990e084350
Event: 222.935 Thread 0x00000198c7b31200 Thread added: 0x000001990ea1d010
Event: 223.471 Thread 0x000001990ea1d010 Thread exited: 0x000001990ea1d010
Event: 223.558 Thread 0x000001990e080ed0 Thread added: 0x000001990f86bac0
Event: 224.615 Thread 0x00000198c7b31200 Thread added: 0x000001990ea1ae00
Event: 226.569 Thread 0x000001990ea1ae00 Thread exited: 0x000001990ea1ae00
Event: 238.309 Thread 0x00000198c7b31200 Thread added: 0x000001990ea1ae00
Event: 240.209 Thread 0x000001990f86bac0 Thread added: 0x000001990f86d500
Event: 240.308 Thread 0x000001990e080ed0 Thread added: 0x000001990f86a710
Event: 240.977 Thread 0x000001990f86d500 Thread added: 0x000001990e082fa0
Event: 240.997 Thread 0x000001990e082fa0 Thread exited: 0x000001990e082fa0
Event: 244.121 Thread 0x000001990ea1ae00 Thread exited: 0x000001990ea1ae00
Event: 244.352 Thread 0x00000198c7b31200 Thread added: 0x000001990ea1ae00
Event: 249.180 Thread 0x000001990ea1ae00 Thread exited: 0x000001990ea1ae00
Event: 255.154 Thread 0x00000198c7b31200 Thread added: 0x000001991009d470
Event: 255.635 Thread 0x000001991009d470 Thread exited: 0x000001991009d470
Event: 260.699 Thread 0x00000198c7ac5cf0 Thread added: 0x000001991009b930
Event: 261.033 Thread 0x000001991009b930 Thread exited: 0x000001991009b930
Event: 262.817 Thread 0x00000198c7b31200 Thread added: 0x000001991009b260
Event: 264.087 Thread 0x000001991009b260 Thread exited: 0x000001991009b260


Dynamic libraries:
0x00007ff709670000 - 0x00007ff70967e000 	c:\Users\tleva\.vscode\extensions\redhat.java-1.41.1-win32-x64\jre\21.0.6-win32-x86_64\bin\java.exe
0x00007ff9d09a0000 - 0x00007ff9d0c00000 	C:\WINDOWS\SYSTEM32\ntdll.dll
0x00007ff9d0470000 - 0x00007ff9d0537000 	C:\WINDOWS\System32\KERNEL32.DLL
0x00007ff9cdf90000 - 0x00007ff9ce35a000 	C:\WINDOWS\System32\KERNELBASE.dll
0x00007ff9cde40000 - 0x00007ff9cdf8b000 	C:\WINDOWS\System32\ucrtbase.dll
0x00007ff9b59d0000 - 0x00007ff9b59e8000 	c:\Users\tleva\.vscode\extensions\redhat.java-1.41.1-win32-x64\jre\21.0.6-win32-x86_64\bin\jli.dll
0x00007ff9cf990000 - 0x00007ff9cfb5c000 	C:\WINDOWS\System32\USER32.dll
0x00007ff9cde10000 - 0x00007ff9cde37000 	C:\WINDOWS\System32\win32u.dll
0x00007ff9d0440000 - 0x00007ff9d046a000 	C:\WINDOWS\System32\GDI32.dll
0x00007ff9cdb80000 - 0x00007ff9cdcb1000 	C:\WINDOWS\System32\gdi32full.dll
0x00007ff9cdcc0000 - 0x00007ff9cdd63000 	C:\WINDOWS\System32\msvcp_win.dll
0x00007ff9b4800000 - 0x00007ff9b481e000 	c:\Users\tleva\.vscode\extensions\redhat.java-1.41.1-win32-x64\jre\21.0.6-win32-x86_64\bin\VCRUNTIME140.dll
0x00007ff9b37c0000 - 0x00007ff9b3a57000 	C:\WINDOWS\WinSxS\amd64_microsoft.windows.common-controls_6595b64144ccf1df_6.0.26100.3624_none_3e086962e3345f24\COMCTL32.dll
0x00007ff9cf2a0000 - 0x00007ff9cf349000 	C:\WINDOWS\System32\msvcrt.dll
0x00007ff9cf880000 - 0x00007ff9cf8af000 	C:\WINDOWS\System32\IMM32.DLL
0x00007ff9c3f70000 - 0x00007ff9c3f7c000 	c:\Users\tleva\.vscode\extensions\redhat.java-1.41.1-win32-x64\jre\21.0.6-win32-x86_64\bin\vcruntime140_1.dll
0x00007ff966b40000 - 0x00007ff966bcd000 	c:\Users\tleva\.vscode\extensions\redhat.java-1.41.1-win32-x64\jre\21.0.6-win32-x86_64\bin\msvcp140.dll
0x00007ff92b7f0000 - 0x00007ff92c580000 	c:\Users\tleva\.vscode\extensions\redhat.java-1.41.1-win32-x64\jre\21.0.6-win32-x86_64\bin\server\jvm.dll
0x00007ff9d0210000 - 0x00007ff9d02c2000 	C:\WINDOWS\System32\ADVAPI32.dll
0x00007ff9cf6f0000 - 0x00007ff9cf796000 	C:\WINDOWS\System32\sechost.dll
0x00007ff9cfb90000 - 0x00007ff9cfca6000 	C:\WINDOWS\System32\RPCRT4.dll
0x00007ff9cf440000 - 0x00007ff9cf4b4000 	C:\WINDOWS\System32\WS2_32.dll
0x00007ff9cd9f0000 - 0x00007ff9cda4e000 	C:\WINDOWS\SYSTEM32\POWRPROF.dll
0x00007ff9cb4d0000 - 0x00007ff9cb506000 	C:\WINDOWS\SYSTEM32\WINMM.dll
0x00007ff9c5710000 - 0x00007ff9c571b000 	C:\WINDOWS\SYSTEM32\VERSION.dll
0x00007ff9cd9d0000 - 0x00007ff9cd9e4000 	C:\WINDOWS\SYSTEM32\UMPDC.dll
0x00007ff9cc960000 - 0x00007ff9cc97a000 	C:\WINDOWS\SYSTEM32\kernel.appcore.dll
0x00007ff9c3460000 - 0x00007ff9c346a000 	c:\Users\tleva\.vscode\extensions\redhat.java-1.41.1-win32-x64\jre\21.0.6-win32-x86_64\bin\jimage.dll
0x00007ff9caf20000 - 0x00007ff9cb161000 	C:\WINDOWS\SYSTEM32\DBGHELP.DLL
0x00007ff9d05c0000 - 0x00007ff9d0942000 	C:\WINDOWS\System32\combase.dll
0x00007ff9cf350000 - 0x00007ff9cf426000 	C:\WINDOWS\System32\OLEAUT32.dll
0x00007ff93a720000 - 0x00007ff93a759000 	C:\WINDOWS\SYSTEM32\dbgcore.DLL
0x00007ff9cdd70000 - 0x00007ff9cde09000 	C:\WINDOWS\System32\bcryptPrimitives.dll
0x00007ff9b5900000 - 0x00007ff9b590f000 	c:\Users\tleva\.vscode\extensions\redhat.java-1.41.1-win32-x64\jre\21.0.6-win32-x86_64\bin\instrument.dll
0x00007ff9b2660000 - 0x00007ff9b267f000 	c:\Users\tleva\.vscode\extensions\redhat.java-1.41.1-win32-x64\jre\21.0.6-win32-x86_64\bin\java.dll
0x00007ff9ceb70000 - 0x00007ff9cf299000 	C:\WINDOWS\System32\SHELL32.dll
0x00007ff9ce360000 - 0x00007ff9ce4c8000 	C:\WINDOWS\System32\wintypes.dll
0x00007ff9cb800000 - 0x00007ff9cc052000 	C:\WINDOWS\SYSTEM32\windows.storage.dll
0x00007ff9ce8a0000 - 0x00007ff9ce98d000 	C:\WINDOWS\System32\SHCORE.dll
0x00007ff9cf810000 - 0x00007ff9cf874000 	C:\WINDOWS\System32\shlwapi.dll
0x00007ff9cda90000 - 0x00007ff9cdabf000 	C:\WINDOWS\SYSTEM32\profapi.dll
0x00007ff9afd30000 - 0x00007ff9afd48000 	c:\Users\tleva\.vscode\extensions\redhat.java-1.41.1-win32-x64\jre\21.0.6-win32-x86_64\bin\zip.dll
0x00007ff9b3120000 - 0x00007ff9b3130000 	C:\Users\tleva\.vscode\extensions\redhat.java-1.41.1-win32-x64\jre\21.0.6-win32-x86_64\bin\net.dll
0x00007ff9c5210000 - 0x00007ff9c532d000 	C:\WINDOWS\SYSTEM32\WINHTTP.dll
0x00007ff9cceb0000 - 0x00007ff9ccf1a000 	C:\WINDOWS\system32\mswsock.dll
0x00007ff9afc70000 - 0x00007ff9afc86000 	C:\Users\tleva\.vscode\extensions\redhat.java-1.41.1-win32-x64\jre\21.0.6-win32-x86_64\bin\nio.dll
0x00007ff9b2c50000 - 0x00007ff9b2c60000 	c:\Users\tleva\.vscode\extensions\redhat.java-1.41.1-win32-x64\jre\21.0.6-win32-x86_64\bin\verify.dll
0x00007ff96ee40000 - 0x00007ff96ee85000 	C:\Users\tleva\AppData\Roaming\Code\User\globalStorage\redhat.java\1.41.1\config_win\org.eclipse.equinox.launcher\org.eclipse.equinox.launcher.win32.win32.x86_64_1.2.1300.v20250331-1702\eclipse_11911.dll
0x00007ff9cf550000 - 0x00007ff9cf6e6000 	C:\WINDOWS\System32\ole32.dll
0x00007ff9b2830000 - 0x00007ff9b283a000 	C:\Users\tleva\.vscode\extensions\redhat.java-1.41.1-win32-x64\jre\21.0.6-win32-x86_64\bin\management.dll
0x00007ff9b2490000 - 0x00007ff9b249b000 	C:\Users\tleva\.vscode\extensions\redhat.java-1.41.1-win32-x64\jre\21.0.6-win32-x86_64\bin\management_ext.dll
0x00007ff9d0950000 - 0x00007ff9d0958000 	C:\WINDOWS\System32\PSAPI.DLL
0x00007ff9cd150000 - 0x00007ff9cd16c000 	C:\WINDOWS\SYSTEM32\CRYPTSP.dll
0x00007ff9cc8c0000 - 0x00007ff9cc8fa000 	C:\WINDOWS\system32\rsaenh.dll
0x00007ff9ccf50000 - 0x00007ff9ccf7b000 	C:\WINDOWS\SYSTEM32\USERENV.dll
0x00007ff9cda60000 - 0x00007ff9cda86000 	C:\WINDOWS\SYSTEM32\bcrypt.dll
0x00007ff9cd170000 - 0x00007ff9cd17c000 	C:\WINDOWS\SYSTEM32\CRYPTBASE.dll
0x00007ff9cc3b0000 - 0x00007ff9cc3e3000 	C:\WINDOWS\SYSTEM32\IPHLPAPI.DLL
0x00007ff9d0430000 - 0x00007ff9d043a000 	C:\WINDOWS\System32\NSI.dll
0x00007ff976f00000 - 0x00007ff976f49000 	C:\Users\tleva\AppData\Local\Temp\jna-110446680\jna18212943201453146576.dll
0x00007ff9c5720000 - 0x00007ff9c573f000 	C:\WINDOWS\SYSTEM32\dhcpcsvc6.DLL
0x00007ff9c5460000 - 0x00007ff9c5485000 	C:\WINDOWS\SYSTEM32\dhcpcsvc.DLL
0x00007ff9b2ac0000 - 0x00007ff9b2ace000 	C:\Users\tleva\.vscode\extensions\redhat.java-1.41.1-win32-x64\jre\21.0.6-win32-x86_64\bin\sunmscapi.dll
0x00007ff9ce4d0000 - 0x00007ff9ce647000 	C:\WINDOWS\System32\CRYPT32.dll
0x00007ff9cd350000 - 0x00007ff9cd380000 	C:\WINDOWS\SYSTEM32\ncrypt.dll
0x00007ff9cd300000 - 0x00007ff9cd33f000 	C:\WINDOWS\SYSTEM32\NTASN1.dll
0x00007ff9cc450000 - 0x00007ff9cc575000 	C:\WINDOWS\SYSTEM32\DNSAPI.dll
0x00007ff9c7100000 - 0x00007ff9c710b000 	C:\Windows\System32\rasadhlp.dll
0x00007ff9c4850000 - 0x00007ff9c48d5000 	C:\WINDOWS\System32\fwpuclnt.dll
0x00007ff9b1f00000 - 0x00007ff9b1f09000 	C:\Users\tleva\.vscode\extensions\redhat.java-1.41.1-win32-x64\jre\21.0.6-win32-x86_64\bin\extnet.dll

dbghelp: loaded successfully - version: 4.0.5 - missing functions: none
symbol engine: initialized successfully - sym options: 0x614 - pdb path: .;c:\Users\tleva\.vscode\extensions\redhat.java-1.41.1-win32-x64\jre\21.0.6-win32-x86_64\bin;C:\WINDOWS\SYSTEM32;C:\WINDOWS\WinSxS\amd64_microsoft.windows.common-controls_6595b64144ccf1df_6.0.26100.3624_none_3e086962e3345f24;c:\Users\tleva\.vscode\extensions\redhat.java-1.41.1-win32-x64\jre\21.0.6-win32-x86_64\bin\server;C:\Users\tleva\AppData\Roaming\Code\User\globalStorage\redhat.java\1.41.1\config_win\org.eclipse.equinox.launcher\org.eclipse.equinox.launcher.win32.win32.x86_64_1.2.1300.v20250331-1702;C:\Users\tleva\AppData\Local\Temp\jna-110446680

VM Arguments:
jvm_args: --add-modules=ALL-SYSTEM --add-opens=java.base/java.util=ALL-UNNAMED --add-opens=java.base/java.lang=ALL-UNNAMED --add-opens=java.base/sun.nio.fs=ALL-UNNAMED -Declipse.application=org.eclipse.jdt.ls.core.id1 -Dosgi.bundles.defaultStartLevel=4 -Declipse.product=org.eclipse.jdt.ls.core.product -Djava.import.generatesMetadataFilesAtProjectRoot=false -DDetectVMInstallationsJob.disabled=true -Dfile.encoding=utf8 -XX:+UseParallelGC -XX:GCTimeRatio=4 -XX:AdaptiveSizePolicyWeight=90 -Dsun.zip.disableMemoryMapping=true -Xmx1G -Xms100m -Xlog:disable -javaagent:c:\Users\tleva\.vscode\extensions\redhat.java-1.41.1-win32-x64\lombok\lombok-1.18.36.jar -XX:+HeapDumpOnOutOfMemoryError -XX:HeapDumpPath=c:\Users\tleva\AppData\Roaming\Code\User\workspaceStorage\b99b95b927f736088a6c51e25da7c59a\redhat.java -Daether.dependencyCollector.impl=bf 
java_command: c:\Users\tleva\.vscode\extensions\redhat.java-1.41.1-win32-x64\server\plugins\org.eclipse.equinox.launcher_1.7.0.v20250331-1702.jar -configuration c:\Users\tleva\AppData\Roaming\Code\User\globalStorage\redhat.java\1.41.1\config_win -data c:\Users\tleva\AppData\Roaming\Code\User\workspaceStorage\b99b95b927f736088a6c51e25da7c59a\redhat.java\jdt_ws --pipe=\\.\pipe\lsp-83a20c57ebd1c1e8ba206e89932e7f07-sock
java_class_path (initial): c:\Users\tleva\.vscode\extensions\redhat.java-1.41.1-win32-x64\server\plugins\org.eclipse.equinox.launcher_1.7.0.v20250331-1702.jar
Launcher Type: SUN_STANDARD

[Global flags]
    uintx AdaptiveSizePolicyWeight                 = 90                                        {product} {command line}
     intx CICompilerCount                          = 3                                         {product} {ergonomic}
    uintx GCTimeRatio                              = 4                                         {product} {command line}
     bool HeapDumpOnOutOfMemoryError               = true                                   {manageable} {command line}
    ccstr HeapDumpPath                             = c:\Users\tleva\AppData\Roaming\Code\User\workspaceStorage\b99b95b927f736088a6c51e25da7c59a\redhat.java         {manageable} {command line}
   size_t InitialHeapSize                          = 104857600                                 {product} {command line}
   size_t MaxHeapSize                              = 1073741824                                {product} {command line}
   size_t MaxNewSize                               = 357564416                                 {product} {ergonomic}
   size_t MinHeapDeltaBytes                        = 524288                                    {product} {ergonomic}
   size_t MinHeapSize                              = 104857600                                 {product} {command line}
   size_t NewSize                                  = 34603008                                  {product} {ergonomic}
    uintx NonNMethodCodeHeapSize                   = 5832780                                {pd product} {ergonomic}
    uintx NonProfiledCodeHeapSize                  = 122912730                              {pd product} {ergonomic}
   size_t OldSize                                  = 70254592                                  {product} {ergonomic}
    uintx ProfiledCodeHeapSize                     = 122912730                              {pd product} {ergonomic}
    uintx ReservedCodeCacheSize                    = 251658240                              {pd product} {ergonomic}
     bool SegmentedCodeCache                       = true                                      {product} {ergonomic}
   size_t SoftMaxHeapSize                          = 1073741824                             {manageable} {ergonomic}
     bool UseCompressedOops                        = true                           {product lp64_product} {ergonomic}
     bool UseLargePagesIndividualAllocation        = false                                  {pd product} {ergonomic}
     bool UseParallelGC                            = true                                      {product} {command line}

Logging:
Log output configuration:
 #0: stdout all=off uptime,level,tags foldmultilines=false
 #1: stderr all=off uptime,level,tags foldmultilines=false

Environment Variables:
PATH=C:\WINDOWS\system32;C:\WINDOWS;C:\WINDOWS\System32\Wbem;C:\WINDOWS\System32\WindowsPowerShell\v1.0\;C:\WINDOWS\System32\OpenSSH\;C:\Program Files\Git\cmd;C:\Program Files\Docker\Docker\resources\bin;C:\Users\tleva\AppData\Local\Programs\Eclipse Adoptium\jdk-11.0.25.9-hotspot\bin;C:\Users\tleva\AppData\Local\Microsoft\WindowsApps;C:\Users\tleva\AppData\Local\Programs\Microsoft VS Code\bin;
USERNAME=tleva
OS=Windows_NT
PROCESSOR_IDENTIFIER=Intel64 Family 6 Model 142 Stepping 12, GenuineIntel
TMP=C:\Users\tleva\AppData\Local\Temp
TEMP=C:\Users\tleva\AppData\Local\Temp




Periodic native trim disabled

---------------  S Y S T E M  ---------------

OS:
 Windows 11 , 64 bit Build 26100 (10.0.26100.3775)
OS uptime: 4 days 3:30 hours
Hyper-V role detected

CPU: total 4 (initial active 4) (2 cores per cpu, 2 threads per core) family 6 model 142 stepping 12 microcode 0xde, cx8, cmov, fxsr, ht, mmx, 3dnowpref, sse, sse2, sse3, ssse3, sse4.1, sse4.2, popcnt, lzcnt, tsc, tscinvbit, avx, avx2, aes, erms, clmul, bmi1, bmi2, adx, fma, vzeroupper, clflush, clflushopt, hv, rdtscp, f16c
Processor Information for the first 4 processors :
  Max Mhz: 2592, Current Mhz: 2592, Mhz Limit: 2073

Memory: 4k page, system-wide physical 8025M (594M free)
TotalPageFile size 21191M (AvailPageFile size 5M)
current process WorkingSet (physical memory assigned to process): 731M, peak: 731M
current process commit charge ("private bytes"): 753M, peak: 754M

vm_info: OpenJDK 64-Bit Server VM (21.0.6+7-LTS) for windows-amd64 JRE (21.0.6+7-LTS), built on 2025-01-21T00:00:00Z by "admin" with MS VC++ 17.7 (VS2022)

END.
